[10-Aug-2025 09:53:57 Europe/Berlin] PHP Deprecated:  Creation of dynamic property FPDF::$extgstates is deprecated in C:\xampp\htdocs\SAMS\vendor\fpdf\fpdf.php on line 53
[10-Aug-2025 09:53:57 Europe/Berlin] PHP Deprecated:  Creation of dynamic property FPDF::$images is deprecated in C:\xampp\htdocs\SAMS\vendor\fpdf\fpdf.php on line 57
[10-Aug-2025 09:53:57 Europe/Berlin] PHP Deprecated:  Creation of dynamic property FPDF::$links is deprecated in C:\xampp\htdocs\SAMS\vendor\fpdf\fpdf.php on line 58
[10-Aug-2025 09:53:57 Europe/Berlin] PHP Deprecated:  Creation of dynamic property FPDF::$inHeader is deprecated in C:\xampp\htdocs\SAMS\vendor\fpdf\fpdf.php on line 59
[10-Aug-2025 09:53:57 Europe/Berlin] PHP Deprecated:  Creation of dynamic property FPDF::$inFooter is deprecated in C:\xampp\htdocs\SAMS\vendor\fpdf\fpdf.php on line 60
[10-Aug-2025 09:53:57 Europe/Berlin] PHP Deprecated:  Creation of dynamic property FPDF::$lasth is deprecated in C:\xampp\htdocs\SAMS\vendor\fpdf\fpdf.php on line 61
[10-Aug-2025 09:53:57 Europe/Berlin] PHP Deprecated:  Creation of dynamic property FPDF::$k is deprecated in C:\xampp\htdocs\SAMS\vendor\fpdf\fpdf.php on line 106
[10-Aug-2025 09:53:57 Europe/Berlin] PHP Deprecated:  Creation of dynamic property FPDF::$StdPageSizes is deprecated in C:\xampp\htdocs\SAMS\vendor\fpdf\fpdf.php on line 115
[10-Aug-2025 09:53:57 Europe/Berlin] PHP Deprecated:  Creation of dynamic property FPDF::$DefPageSize is deprecated in C:\xampp\htdocs\SAMS\vendor\fpdf\fpdf.php on line 125
[10-Aug-2025 09:53:57 Europe/Berlin] PHP Deprecated:  Creation of dynamic property FPDF::$CurPageSize is deprecated in C:\xampp\htdocs\SAMS\vendor\fpdf\fpdf.php on line 126
[10-Aug-2025 09:53:57 Europe/Berlin] PHP Deprecated:  Creation of dynamic property FPDF::$DefOrientation is deprecated in C:\xampp\htdocs\SAMS\vendor\fpdf\fpdf.php on line 130
[10-Aug-2025 09:53:57 Europe/Berlin] PHP Warning:  Undefined property: FPDF::$CurOrientation in C:\xampp\htdocs\SAMS\vendor\fpdf\fpdf.php on line 171
[10-Aug-2025 09:53:57 Europe/Berlin] PHP Deprecated:  Creation of dynamic property FPDF::$CurOrientation is deprecated in C:\xampp\htdocs\SAMS\vendor\fpdf\fpdf.php on line 183
[10-Aug-2025 09:53:57 Europe/Berlin] PHP Deprecated:  Creation of dynamic property FPDF::$state is deprecated in C:\xampp\htdocs\SAMS\vendor\fpdf\fpdf.php on line 188
[10-Aug-2025 09:54:02 Europe/Berlin] PHP Deprecated:  Creation of dynamic property FPDF::$extgstates is deprecated in C:\xampp\htdocs\SAMS\vendor\fpdf\fpdf.php on line 53
[10-Aug-2025 09:54:02 Europe/Berlin] PHP Deprecated:  Creation of dynamic property FPDF::$images is deprecated in C:\xampp\htdocs\SAMS\vendor\fpdf\fpdf.php on line 57
[10-Aug-2025 09:54:02 Europe/Berlin] PHP Deprecated:  Creation of dynamic property FPDF::$links is deprecated in C:\xampp\htdocs\SAMS\vendor\fpdf\fpdf.php on line 58
[10-Aug-2025 09:54:02 Europe/Berlin] PHP Deprecated:  Creation of dynamic property FPDF::$inHeader is deprecated in C:\xampp\htdocs\SAMS\vendor\fpdf\fpdf.php on line 59
[10-Aug-2025 09:54:02 Europe/Berlin] PHP Deprecated:  Creation of dynamic property FPDF::$inFooter is deprecated in C:\xampp\htdocs\SAMS\vendor\fpdf\fpdf.php on line 60
[10-Aug-2025 09:54:02 Europe/Berlin] PHP Deprecated:  Creation of dynamic property FPDF::$lasth is deprecated in C:\xampp\htdocs\SAMS\vendor\fpdf\fpdf.php on line 61
[10-Aug-2025 09:54:02 Europe/Berlin] PHP Deprecated:  Creation of dynamic property FPDF::$k is deprecated in C:\xampp\htdocs\SAMS\vendor\fpdf\fpdf.php on line 106
[10-Aug-2025 09:54:02 Europe/Berlin] PHP Deprecated:  Creation of dynamic property FPDF::$StdPageSizes is deprecated in C:\xampp\htdocs\SAMS\vendor\fpdf\fpdf.php on line 115
[10-Aug-2025 09:54:02 Europe/Berlin] PHP Deprecated:  Creation of dynamic property FPDF::$DefPageSize is deprecated in C:\xampp\htdocs\SAMS\vendor\fpdf\fpdf.php on line 125
[10-Aug-2025 09:54:02 Europe/Berlin] PHP Deprecated:  Creation of dynamic property FPDF::$CurPageSize is deprecated in C:\xampp\htdocs\SAMS\vendor\fpdf\fpdf.php on line 126
[10-Aug-2025 09:54:02 Europe/Berlin] PHP Deprecated:  Creation of dynamic property FPDF::$DefOrientation is deprecated in C:\xampp\htdocs\SAMS\vendor\fpdf\fpdf.php on line 130
[10-Aug-2025 09:54:02 Europe/Berlin] PHP Warning:  Undefined property: FPDF::$CurOrientation in C:\xampp\htdocs\SAMS\vendor\fpdf\fpdf.php on line 171
[10-Aug-2025 09:54:02 Europe/Berlin] PHP Deprecated:  Creation of dynamic property FPDF::$CurOrientation is deprecated in C:\xampp\htdocs\SAMS\vendor\fpdf\fpdf.php on line 183
[10-Aug-2025 09:54:02 Europe/Berlin] PHP Deprecated:  Creation of dynamic property FPDF::$state is deprecated in C:\xampp\htdocs\SAMS\vendor\fpdf\fpdf.php on line 188
[10-Aug-2025 09:54:03 Europe/Berlin] PHP Deprecated:  Creation of dynamic property FPDF::$extgstates is deprecated in C:\xampp\htdocs\SAMS\vendor\fpdf\fpdf.php on line 53
[10-Aug-2025 09:54:03 Europe/Berlin] PHP Deprecated:  Creation of dynamic property FPDF::$images is deprecated in C:\xampp\htdocs\SAMS\vendor\fpdf\fpdf.php on line 57
[10-Aug-2025 09:54:03 Europe/Berlin] PHP Deprecated:  Creation of dynamic property FPDF::$links is deprecated in C:\xampp\htdocs\SAMS\vendor\fpdf\fpdf.php on line 58
[10-Aug-2025 09:54:03 Europe/Berlin] PHP Deprecated:  Creation of dynamic property FPDF::$inHeader is deprecated in C:\xampp\htdocs\SAMS\vendor\fpdf\fpdf.php on line 59
[10-Aug-2025 09:54:03 Europe/Berlin] PHP Deprecated:  Creation of dynamic property FPDF::$inFooter is deprecated in C:\xampp\htdocs\SAMS\vendor\fpdf\fpdf.php on line 60
[10-Aug-2025 09:54:03 Europe/Berlin] PHP Deprecated:  Creation of dynamic property FPDF::$lasth is deprecated in C:\xampp\htdocs\SAMS\vendor\fpdf\fpdf.php on line 61
[10-Aug-2025 09:54:03 Europe/Berlin] PHP Deprecated:  Creation of dynamic property FPDF::$k is deprecated in C:\xampp\htdocs\SAMS\vendor\fpdf\fpdf.php on line 106
[10-Aug-2025 09:54:03 Europe/Berlin] PHP Deprecated:  Creation of dynamic property FPDF::$StdPageSizes is deprecated in C:\xampp\htdocs\SAMS\vendor\fpdf\fpdf.php on line 115
[10-Aug-2025 09:54:03 Europe/Berlin] PHP Deprecated:  Creation of dynamic property FPDF::$DefPageSize is deprecated in C:\xampp\htdocs\SAMS\vendor\fpdf\fpdf.php on line 125
[10-Aug-2025 09:54:03 Europe/Berlin] PHP Deprecated:  Creation of dynamic property FPDF::$CurPageSize is deprecated in C:\xampp\htdocs\SAMS\vendor\fpdf\fpdf.php on line 126
[10-Aug-2025 09:54:03 Europe/Berlin] PHP Deprecated:  Creation of dynamic property FPDF::$DefOrientation is deprecated in C:\xampp\htdocs\SAMS\vendor\fpdf\fpdf.php on line 130
[10-Aug-2025 09:54:03 Europe/Berlin] PHP Warning:  Undefined property: FPDF::$CurOrientation in C:\xampp\htdocs\SAMS\vendor\fpdf\fpdf.php on line 171
[10-Aug-2025 09:54:03 Europe/Berlin] PHP Deprecated:  Creation of dynamic property FPDF::$CurOrientation is deprecated in C:\xampp\htdocs\SAMS\vendor\fpdf\fpdf.php on line 183
[10-Aug-2025 09:54:03 Europe/Berlin] PHP Deprecated:  Creation of dynamic property FPDF::$state is deprecated in C:\xampp\htdocs\SAMS\vendor\fpdf\fpdf.php on line 188
[10-Aug-2025 09:54:05 Europe/Berlin] PHP Deprecated:  Creation of dynamic property FPDF::$extgstates is deprecated in C:\xampp\htdocs\SAMS\vendor\fpdf\fpdf.php on line 53
[10-Aug-2025 09:54:05 Europe/Berlin] PHP Deprecated:  Creation of dynamic property FPDF::$images is deprecated in C:\xampp\htdocs\SAMS\vendor\fpdf\fpdf.php on line 57
[10-Aug-2025 09:54:05 Europe/Berlin] PHP Deprecated:  Creation of dynamic property FPDF::$links is deprecated in C:\xampp\htdocs\SAMS\vendor\fpdf\fpdf.php on line 58
[10-Aug-2025 09:54:05 Europe/Berlin] PHP Deprecated:  Creation of dynamic property FPDF::$inHeader is deprecated in C:\xampp\htdocs\SAMS\vendor\fpdf\fpdf.php on line 59
[10-Aug-2025 09:54:05 Europe/Berlin] PHP Deprecated:  Creation of dynamic property FPDF::$inFooter is deprecated in C:\xampp\htdocs\SAMS\vendor\fpdf\fpdf.php on line 60
[10-Aug-2025 09:54:05 Europe/Berlin] PHP Deprecated:  Creation of dynamic property FPDF::$lasth is deprecated in C:\xampp\htdocs\SAMS\vendor\fpdf\fpdf.php on line 61
[10-Aug-2025 09:54:05 Europe/Berlin] PHP Deprecated:  Creation of dynamic property FPDF::$k is deprecated in C:\xampp\htdocs\SAMS\vendor\fpdf\fpdf.php on line 106
[10-Aug-2025 09:54:05 Europe/Berlin] PHP Deprecated:  Creation of dynamic property FPDF::$StdPageSizes is deprecated in C:\xampp\htdocs\SAMS\vendor\fpdf\fpdf.php on line 115
[10-Aug-2025 09:54:05 Europe/Berlin] PHP Deprecated:  Creation of dynamic property FPDF::$DefPageSize is deprecated in C:\xampp\htdocs\SAMS\vendor\fpdf\fpdf.php on line 125
[10-Aug-2025 09:54:05 Europe/Berlin] PHP Deprecated:  Creation of dynamic property FPDF::$CurPageSize is deprecated in C:\xampp\htdocs\SAMS\vendor\fpdf\fpdf.php on line 126
[10-Aug-2025 09:54:05 Europe/Berlin] PHP Deprecated:  Creation of dynamic property FPDF::$DefOrientation is deprecated in C:\xampp\htdocs\SAMS\vendor\fpdf\fpdf.php on line 130
[10-Aug-2025 09:54:05 Europe/Berlin] PHP Warning:  Undefined property: FPDF::$CurOrientation in C:\xampp\htdocs\SAMS\vendor\fpdf\fpdf.php on line 171
[10-Aug-2025 09:54:05 Europe/Berlin] PHP Deprecated:  Creation of dynamic property FPDF::$CurOrientation is deprecated in C:\xampp\htdocs\SAMS\vendor\fpdf\fpdf.php on line 183
[10-Aug-2025 09:54:05 Europe/Berlin] PHP Deprecated:  Creation of dynamic property FPDF::$state is deprecated in C:\xampp\htdocs\SAMS\vendor\fpdf\fpdf.php on line 188
[10-Aug-2025 09:54:07 Europe/Berlin] PHP Deprecated:  Creation of dynamic property FPDF::$extgstates is deprecated in C:\xampp\htdocs\SAMS\vendor\fpdf\fpdf.php on line 53
[10-Aug-2025 09:54:07 Europe/Berlin] PHP Deprecated:  Creation of dynamic property FPDF::$images is deprecated in C:\xampp\htdocs\SAMS\vendor\fpdf\fpdf.php on line 57
[10-Aug-2025 09:54:07 Europe/Berlin] PHP Deprecated:  Creation of dynamic property FPDF::$links is deprecated in C:\xampp\htdocs\SAMS\vendor\fpdf\fpdf.php on line 58
[10-Aug-2025 09:54:07 Europe/Berlin] PHP Deprecated:  Creation of dynamic property FPDF::$inHeader is deprecated in C:\xampp\htdocs\SAMS\vendor\fpdf\fpdf.php on line 59
[10-Aug-2025 09:54:07 Europe/Berlin] PHP Deprecated:  Creation of dynamic property FPDF::$inFooter is deprecated in C:\xampp\htdocs\SAMS\vendor\fpdf\fpdf.php on line 60
[10-Aug-2025 09:54:07 Europe/Berlin] PHP Deprecated:  Creation of dynamic property FPDF::$lasth is deprecated in C:\xampp\htdocs\SAMS\vendor\fpdf\fpdf.php on line 61
[10-Aug-2025 09:54:07 Europe/Berlin] PHP Deprecated:  Creation of dynamic property FPDF::$k is deprecated in C:\xampp\htdocs\SAMS\vendor\fpdf\fpdf.php on line 106
[10-Aug-2025 09:54:07 Europe/Berlin] PHP Deprecated:  Creation of dynamic property FPDF::$StdPageSizes is deprecated in C:\xampp\htdocs\SAMS\vendor\fpdf\fpdf.php on line 115
[10-Aug-2025 09:54:07 Europe/Berlin] PHP Deprecated:  Creation of dynamic property FPDF::$DefPageSize is deprecated in C:\xampp\htdocs\SAMS\vendor\fpdf\fpdf.php on line 125
[10-Aug-2025 09:54:07 Europe/Berlin] PHP Deprecated:  Creation of dynamic property FPDF::$CurPageSize is deprecated in C:\xampp\htdocs\SAMS\vendor\fpdf\fpdf.php on line 126
[10-Aug-2025 09:54:07 Europe/Berlin] PHP Deprecated:  Creation of dynamic property FPDF::$DefOrientation is deprecated in C:\xampp\htdocs\SAMS\vendor\fpdf\fpdf.php on line 130
[10-Aug-2025 09:54:07 Europe/Berlin] PHP Warning:  Undefined property: FPDF::$CurOrientation in C:\xampp\htdocs\SAMS\vendor\fpdf\fpdf.php on line 171
[10-Aug-2025 09:54:07 Europe/Berlin] PHP Deprecated:  Creation of dynamic property FPDF::$CurOrientation is deprecated in C:\xampp\htdocs\SAMS\vendor\fpdf\fpdf.php on line 183
[10-Aug-2025 09:54:07 Europe/Berlin] PHP Deprecated:  Creation of dynamic property FPDF::$state is deprecated in C:\xampp\htdocs\SAMS\vendor\fpdf\fpdf.php on line 188
[10-Aug-2025 09:55:30 Europe/Berlin] PHP Deprecated:  Creation of dynamic property FPDF::$extgstates is deprecated in C:\xampp\htdocs\SAMS\vendor\fpdf\fpdf.php on line 53
[10-Aug-2025 09:55:30 Europe/Berlin] PHP Deprecated:  Creation of dynamic property FPDF::$images is deprecated in C:\xampp\htdocs\SAMS\vendor\fpdf\fpdf.php on line 57
[10-Aug-2025 09:55:30 Europe/Berlin] PHP Deprecated:  Creation of dynamic property FPDF::$links is deprecated in C:\xampp\htdocs\SAMS\vendor\fpdf\fpdf.php on line 58
[10-Aug-2025 09:55:30 Europe/Berlin] PHP Deprecated:  Creation of dynamic property FPDF::$inHeader is deprecated in C:\xampp\htdocs\SAMS\vendor\fpdf\fpdf.php on line 59
[10-Aug-2025 09:55:30 Europe/Berlin] PHP Deprecated:  Creation of dynamic property FPDF::$inFooter is deprecated in C:\xampp\htdocs\SAMS\vendor\fpdf\fpdf.php on line 60
[10-Aug-2025 09:55:30 Europe/Berlin] PHP Deprecated:  Creation of dynamic property FPDF::$lasth is deprecated in C:\xampp\htdocs\SAMS\vendor\fpdf\fpdf.php on line 61
[10-Aug-2025 09:55:30 Europe/Berlin] PHP Deprecated:  Creation of dynamic property FPDF::$k is deprecated in C:\xampp\htdocs\SAMS\vendor\fpdf\fpdf.php on line 106
[10-Aug-2025 09:55:30 Europe/Berlin] PHP Deprecated:  Creation of dynamic property FPDF::$StdPageSizes is deprecated in C:\xampp\htdocs\SAMS\vendor\fpdf\fpdf.php on line 115
[10-Aug-2025 09:55:30 Europe/Berlin] PHP Deprecated:  Creation of dynamic property FPDF::$DefPageSize is deprecated in C:\xampp\htdocs\SAMS\vendor\fpdf\fpdf.php on line 125
[10-Aug-2025 09:55:30 Europe/Berlin] PHP Deprecated:  Creation of dynamic property FPDF::$CurPageSize is deprecated in C:\xampp\htdocs\SAMS\vendor\fpdf\fpdf.php on line 126
[10-Aug-2025 09:55:30 Europe/Berlin] PHP Deprecated:  Creation of dynamic property FPDF::$DefOrientation is deprecated in C:\xampp\htdocs\SAMS\vendor\fpdf\fpdf.php on line 130
[10-Aug-2025 09:55:30 Europe/Berlin] PHP Warning:  Undefined property: FPDF::$CurOrientation in C:\xampp\htdocs\SAMS\vendor\fpdf\fpdf.php on line 171
[10-Aug-2025 09:55:30 Europe/Berlin] PHP Deprecated:  Creation of dynamic property FPDF::$CurOrientation is deprecated in C:\xampp\htdocs\SAMS\vendor\fpdf\fpdf.php on line 183
[10-Aug-2025 09:55:30 Europe/Berlin] PHP Deprecated:  Creation of dynamic property FPDF::$state is deprecated in C:\xampp\htdocs\SAMS\vendor\fpdf\fpdf.php on line 188
[10-Aug-2025 09:55:32 Europe/Berlin] PHP Deprecated:  Creation of dynamic property FPDF::$extgstates is deprecated in C:\xampp\htdocs\SAMS\vendor\fpdf\fpdf.php on line 53
[10-Aug-2025 09:55:32 Europe/Berlin] PHP Deprecated:  Creation of dynamic property FPDF::$images is deprecated in C:\xampp\htdocs\SAMS\vendor\fpdf\fpdf.php on line 57
[10-Aug-2025 09:55:32 Europe/Berlin] PHP Deprecated:  Creation of dynamic property FPDF::$links is deprecated in C:\xampp\htdocs\SAMS\vendor\fpdf\fpdf.php on line 58
[10-Aug-2025 09:55:32 Europe/Berlin] PHP Deprecated:  Creation of dynamic property FPDF::$inHeader is deprecated in C:\xampp\htdocs\SAMS\vendor\fpdf\fpdf.php on line 59
[10-Aug-2025 09:55:32 Europe/Berlin] PHP Deprecated:  Creation of dynamic property FPDF::$inFooter is deprecated in C:\xampp\htdocs\SAMS\vendor\fpdf\fpdf.php on line 60
[10-Aug-2025 09:55:32 Europe/Berlin] PHP Deprecated:  Creation of dynamic property FPDF::$lasth is deprecated in C:\xampp\htdocs\SAMS\vendor\fpdf\fpdf.php on line 61
[10-Aug-2025 09:55:32 Europe/Berlin] PHP Deprecated:  Creation of dynamic property FPDF::$k is deprecated in C:\xampp\htdocs\SAMS\vendor\fpdf\fpdf.php on line 106
[10-Aug-2025 09:55:32 Europe/Berlin] PHP Deprecated:  Creation of dynamic property FPDF::$StdPageSizes is deprecated in C:\xampp\htdocs\SAMS\vendor\fpdf\fpdf.php on line 115
[10-Aug-2025 09:55:32 Europe/Berlin] PHP Deprecated:  Creation of dynamic property FPDF::$DefPageSize is deprecated in C:\xampp\htdocs\SAMS\vendor\fpdf\fpdf.php on line 125
[10-Aug-2025 09:55:32 Europe/Berlin] PHP Deprecated:  Creation of dynamic property FPDF::$CurPageSize is deprecated in C:\xampp\htdocs\SAMS\vendor\fpdf\fpdf.php on line 126
[10-Aug-2025 09:55:32 Europe/Berlin] PHP Deprecated:  Creation of dynamic property FPDF::$DefOrientation is deprecated in C:\xampp\htdocs\SAMS\vendor\fpdf\fpdf.php on line 130
[10-Aug-2025 09:55:32 Europe/Berlin] PHP Warning:  Undefined property: FPDF::$CurOrientation in C:\xampp\htdocs\SAMS\vendor\fpdf\fpdf.php on line 171
[10-Aug-2025 09:55:32 Europe/Berlin] PHP Deprecated:  Creation of dynamic property FPDF::$CurOrientation is deprecated in C:\xampp\htdocs\SAMS\vendor\fpdf\fpdf.php on line 183
[10-Aug-2025 09:55:32 Europe/Berlin] PHP Deprecated:  Creation of dynamic property FPDF::$state is deprecated in C:\xampp\htdocs\SAMS\vendor\fpdf\fpdf.php on line 188
[10-Aug-2025 09:55:38 Europe/Berlin] PHP Deprecated:  Creation of dynamic property FPDF::$extgstates is deprecated in C:\xampp\htdocs\SAMS\vendor\fpdf\fpdf.php on line 53
[10-Aug-2025 09:55:38 Europe/Berlin] PHP Deprecated:  Creation of dynamic property FPDF::$images is deprecated in C:\xampp\htdocs\SAMS\vendor\fpdf\fpdf.php on line 57
[10-Aug-2025 09:55:38 Europe/Berlin] PHP Deprecated:  Creation of dynamic property FPDF::$links is deprecated in C:\xampp\htdocs\SAMS\vendor\fpdf\fpdf.php on line 58
[10-Aug-2025 09:55:38 Europe/Berlin] PHP Deprecated:  Creation of dynamic property FPDF::$inHeader is deprecated in C:\xampp\htdocs\SAMS\vendor\fpdf\fpdf.php on line 59
[10-Aug-2025 09:55:38 Europe/Berlin] PHP Deprecated:  Creation of dynamic property FPDF::$inFooter is deprecated in C:\xampp\htdocs\SAMS\vendor\fpdf\fpdf.php on line 60
[10-Aug-2025 09:55:38 Europe/Berlin] PHP Deprecated:  Creation of dynamic property FPDF::$lasth is deprecated in C:\xampp\htdocs\SAMS\vendor\fpdf\fpdf.php on line 61
[10-Aug-2025 09:55:38 Europe/Berlin] PHP Deprecated:  Creation of dynamic property FPDF::$k is deprecated in C:\xampp\htdocs\SAMS\vendor\fpdf\fpdf.php on line 106
[10-Aug-2025 09:55:38 Europe/Berlin] PHP Deprecated:  Creation of dynamic property FPDF::$StdPageSizes is deprecated in C:\xampp\htdocs\SAMS\vendor\fpdf\fpdf.php on line 115
[10-Aug-2025 09:55:38 Europe/Berlin] PHP Deprecated:  Creation of dynamic property FPDF::$DefPageSize is deprecated in C:\xampp\htdocs\SAMS\vendor\fpdf\fpdf.php on line 125
[10-Aug-2025 09:55:38 Europe/Berlin] PHP Deprecated:  Creation of dynamic property FPDF::$CurPageSize is deprecated in C:\xampp\htdocs\SAMS\vendor\fpdf\fpdf.php on line 126
[10-Aug-2025 09:55:38 Europe/Berlin] PHP Deprecated:  Creation of dynamic property FPDF::$DefOrientation is deprecated in C:\xampp\htdocs\SAMS\vendor\fpdf\fpdf.php on line 130
[10-Aug-2025 09:55:38 Europe/Berlin] PHP Warning:  Undefined property: FPDF::$CurOrientation in C:\xampp\htdocs\SAMS\vendor\fpdf\fpdf.php on line 171
[10-Aug-2025 09:55:38 Europe/Berlin] PHP Deprecated:  Creation of dynamic property FPDF::$CurOrientation is deprecated in C:\xampp\htdocs\SAMS\vendor\fpdf\fpdf.php on line 183
[10-Aug-2025 09:55:38 Europe/Berlin] PHP Deprecated:  Creation of dynamic property FPDF::$state is deprecated in C:\xampp\htdocs\SAMS\vendor\fpdf\fpdf.php on line 188
[10-Aug-2025 10:06:13 Europe/Berlin] PHP Deprecated:  Creation of dynamic property FPDF::$extgstates is deprecated in C:\xampp\htdocs\SAMS\vendor\fpdf\fpdf.php on line 53
[10-Aug-2025 10:06:13 Europe/Berlin] PHP Deprecated:  Creation of dynamic property FPDF::$images is deprecated in C:\xampp\htdocs\SAMS\vendor\fpdf\fpdf.php on line 57
[10-Aug-2025 10:06:13 Europe/Berlin] PHP Deprecated:  Creation of dynamic property FPDF::$links is deprecated in C:\xampp\htdocs\SAMS\vendor\fpdf\fpdf.php on line 58
[10-Aug-2025 10:06:13 Europe/Berlin] PHP Deprecated:  Creation of dynamic property FPDF::$inHeader is deprecated in C:\xampp\htdocs\SAMS\vendor\fpdf\fpdf.php on line 59
[10-Aug-2025 10:06:13 Europe/Berlin] PHP Deprecated:  Creation of dynamic property FPDF::$inFooter is deprecated in C:\xampp\htdocs\SAMS\vendor\fpdf\fpdf.php on line 60
[10-Aug-2025 10:06:13 Europe/Berlin] PHP Deprecated:  Creation of dynamic property FPDF::$lasth is deprecated in C:\xampp\htdocs\SAMS\vendor\fpdf\fpdf.php on line 61
[10-Aug-2025 10:06:13 Europe/Berlin] PHP Deprecated:  Creation of dynamic property FPDF::$k is deprecated in C:\xampp\htdocs\SAMS\vendor\fpdf\fpdf.php on line 106
[10-Aug-2025 10:06:13 Europe/Berlin] PHP Deprecated:  Creation of dynamic property FPDF::$StdPageSizes is deprecated in C:\xampp\htdocs\SAMS\vendor\fpdf\fpdf.php on line 115
[10-Aug-2025 10:06:13 Europe/Berlin] PHP Deprecated:  Creation of dynamic property FPDF::$DefPageSize is deprecated in C:\xampp\htdocs\SAMS\vendor\fpdf\fpdf.php on line 125
[10-Aug-2025 10:06:13 Europe/Berlin] PHP Deprecated:  Creation of dynamic property FPDF::$CurPageSize is deprecated in C:\xampp\htdocs\SAMS\vendor\fpdf\fpdf.php on line 126
[10-Aug-2025 10:06:13 Europe/Berlin] PHP Deprecated:  Creation of dynamic property FPDF::$DefOrientation is deprecated in C:\xampp\htdocs\SAMS\vendor\fpdf\fpdf.php on line 130
[10-Aug-2025 10:06:13 Europe/Berlin] PHP Warning:  Undefined property: FPDF::$CurOrientation in C:\xampp\htdocs\SAMS\vendor\fpdf\fpdf.php on line 171
[10-Aug-2025 10:06:13 Europe/Berlin] PHP Deprecated:  Creation of dynamic property FPDF::$CurOrientation is deprecated in C:\xampp\htdocs\SAMS\vendor\fpdf\fpdf.php on line 183
[10-Aug-2025 10:06:13 Europe/Berlin] PHP Deprecated:  Creation of dynamic property FPDF::$state is deprecated in C:\xampp\htdocs\SAMS\vendor\fpdf\fpdf.php on line 188
